2026-05-05T12:19:28.198002 | 63039 | Viewed page Dashboard
2026-05-05T12:31:25.271102 | 63039 | Viewed page Dashboard
2026-05-05T12:31:43.018078 | 63039 | Viewed page Business Analytics
2026-05-05T12:32:21.425610 | 63039 | Viewed page Campaign Management
2026-05-05T12:35:33.245079 | 63039 | Viewed page Dashboard
2026-05-05T12:35:37.656978 | 63039 | Viewed page Campaign Management
2026-05-05T13:17:59.132138 | 63039 | Viewed page Dashboard
2026-05-05T13:18:43.354828 | 63039 | Viewed page Business Analytics
2026-05-05T13:19:49.827988 | 63039 | Viewed page Dashboard
2026-05-05T13:19:52.627382 | 63039 | Viewed page Business Analytics
2026-05-05T13:23:15.161212 | 63039 | Viewed page Dashboard
2026-05-05T13:23:17.022583 | 63039 | Viewed page Business Analytics
2026-05-05T13:23:53.553425 | 63039 | Viewed page Dashboard
2026-05-05T13:23:55.995903 | 63039 | Viewed page Business Analytics
2026-05-05T13:26:56.215126 | 63039 | Viewed page Dashboard
2026-05-05T13:26:57.787872 | 63039 | Viewed page Business Analytics
2026-05-05T13:28:55.412153 | 63039 | Viewed page Dashboard
2026-05-05T13:28:57.065167 | 63039 | Viewed page Business Analytics
2026-05-05T13:48:03.664673 | 63039 | Viewed page Dashboard
2026-05-05T13:48:11.967125 | 63039 | Viewed page Business Analytics
2026-05-05T13:50:49.288119 | 63039 | Viewed page Coordination Center
2026-05-05T13:51:01.976378 | 63039 | Viewed page Business Analytics
2026-05-05T13:58:03.274984 | 63039 | Viewed page Dashboard
2026-05-05T13:58:05.802196 | 63039 | Viewed page Business Analytics
2026-05-05T13:59:37.491093 | 63039 | Viewed page Dashboard
2026-05-05T13:59:39.089421 | 63039 | Viewed page Business Analytics
2026-05-05T14:02:14.245249 | 63039 | Viewed page Dashboard
2026-05-05T14:02:16.264265 | 63039 | Viewed page Business Analytics
2026-05-05T14:39:59.580155 | 63039 | Viewed page Dashboard
2026-05-05T14:40:01.710406 | 63039 | Viewed page Business Analytics
2026-05-05T14:45:49.067039 | 63039 | Viewed page Dashboard
2026-05-05T14:45:50.824438 | 63039 | Viewed page Business Analytics
2026-05-05T14:59:38.123008 | 63039 | Viewed page Dashboard
2026-05-05T14:59:39.637575 | 63039 | Viewed page Business Analytics
2026-05-05T15:04:59.070783 | 63039 | Viewed page Dashboard
2026-05-05T15:05:04.511180 | 63039 | Viewed page Business Analytics
2026-05-05T15:09:01.986514 | 63039 | Viewed page Dashboard
2026-05-05T15:09:03.673494 | 63039 | Viewed page Business Analytics
2026-05-05T15:22:59.004289 | 63039 | Viewed page Admin
2026-05-05T15:26:57.130472 | 63039 | Viewed page Dashboard
2026-05-05T15:27:02.137079 | 63039 | Viewed page Admin
2026-05-05T15:27:11.938005 | 63039 | Viewed page Dashboard
2026-05-05T15:27:15.647041 | 63039 | Viewed page Admin
2026-05-05T15:29:23.904379 | 63039 | Viewed page Dashboard
2026-05-05T15:29:28.493613 | 63039 | Viewed page Admin
2026-05-05T15:41:17.492979 | 63039 | Viewed page Dashboard
2026-05-05T15:41:21.866930 | 63039 | Viewed page Admin
2026-05-05T15:41:43.743135 | 63039 | Viewed page Document Center
2026-05-05T15:41:49.752641 | 63039 | Viewed page Business Analytics
2026-05-05T15:42:08.323535 | 63039 | Viewed page Admin
2026-05-05T15:45:11.883921 | 63039 | Viewed page Business Analytics
2026-05-05T15:56:02.273380 | 63039 | Viewed page Admin
2026-05-05T16:00:53.238383 | 63039 | Viewed page Dashboard
2026-05-05T16:00:56.677357 | 63039 | Viewed page Admin
2026-05-05T16:10:49.021120 | 63039 | Viewed page Dashboard
2026-05-05T16:10:53.582417 | 63039 | Viewed page Admin
2026-05-05T16:16:09.660360 | 63039 | Viewed page Dashboard
2026-05-05T16:16:14.004927 | 63039 | Viewed page Admin
2026-05-05T16:20:54.590342 | 63039 | Viewed page Dashboard
2026-05-05T16:20:57.852492 | 63039 | Viewed page Admin
2026-05-05T17:24:39.283663 | 63039 | Viewed page Dashboard
2026-05-05T17:24:43.747783 | 63039 | Viewed page Admin
2026-05-05T17:25:27.687862 | 63039 | Viewed page Dashboard
2026-05-05T17:25:32.124448 | 63039 | Viewed page Admin
2026-05-05T17:30:06.811432 | 63039 | Viewed page Dashboard
2026-05-05T17:30:10.343106 | 63039 | Viewed page Admin
2026-05-05T17:30:34.492094 | 63039 | Viewed page Dashboard
2026-05-05T17:30:38.323005 | 63039 | Viewed page Admin
2026-05-05T17:33:08.821710 | 63039 | Viewed page Dashboard
2026-05-05T17:34:49.385542 | 63039 | Viewed page Dashboard
2026-05-05T17:35:03.731247 | 63039 | Viewed page Dashboard
2026-05-05T17:35:49.261308 | 63039 | Viewed page Dashboard
2026-05-05T17:38:07.197158 | 63039 | Viewed page Dashboard
2026-05-05T17:38:48.941476 | 63039 | Viewed page Admin
2026-05-05T17:39:54.409729 | 63039 | Viewed page Dashboard
2026-05-05T17:40:29.288204 | 63039 | Viewed page Dashboard
2026-05-05T17:40:38.464345 | 63039 | Viewed page Dashboard
2026-05-05T17:49:19.584986 | 63039 | Viewed page Admin
2026-05-05T18:09:10.761051 | 63039 | Viewed page Dashboard
2026-05-05T18:09:15.962652 | 63039 | Viewed page Admin
2026-05-05T18:11:08.122235 | 63039 | Viewed page Dashboard
2026-05-05T18:11:11.452994 | 63039 | Viewed page Admin
2026-05-05T18:14:51.056385 | 63039 | Viewed page Dashboard
2026-05-05T18:15:12.900362 | 63039 | Viewed page Admin
2026-05-05T18:28:48.646330 | 63039 | Viewed page Dashboard
2026-05-05T18:28:52.221316 | 63039 | Viewed page Admin
2026-05-05T18:32:35.298109 | 63039 | Viewed page Business Analytics
2026-05-05T18:46:17.496532 | 63039 | Viewed page Dashboard
2026-05-05T18:46:21.241250 | 63039 | Viewed page Campaign Management
2026-05-05T18:46:22.819277 | 63039 | Viewed page Business Analytics
2026-05-05T19:02:41.981392 | 63039 | Viewed page Dashboard
2026-05-05T19:02:46.181599 | 63039 | Viewed page Business Analytics
2026-05-05T19:11:28.142274 | 63039 | Viewed page Dashboard
2026-05-05T19:11:30.673819 | 63039 | Viewed page Business Analytics
2026-05-06T10:04:52.347141 | 63039 | Viewed page Dashboard
2026-05-06T10:07:01.643855 | 63039 | Viewed page Dashboard
2026-05-06T10:17:47.897739 | 63039 | Viewed page Dashboard
2026-05-06T10:17:50.475246 | 63039 | Viewed page Business Analytics
2026-05-06T11:16:58.455074 | 63039 | Viewed page Dashboard
2026-05-06T11:17:00.599004 | 63039 | Viewed page Business Analytics
2026-05-06T11:17:49.567686 | 63039 | Viewed page Dashboard
2026-05-06T11:17:51.009997 | 63039 | Viewed page Business Analytics
2026-05-06T11:29:38.349556 | 63039 | Viewed page Dashboard
2026-05-06T11:29:40.121549 | 63039 | Viewed page Business Analytics
2026-05-06T11:30:45.817232 | 63039 | Viewed page Dashboard
2026-05-06T11:30:47.442998 | 63039 | Viewed page Business Analytics
2026-05-06T12:53:04.426280 | 63039 | Viewed page Dashboard
2026-05-06T12:53:07.552902 | 63039 | Viewed page Business Analytics
2026-05-06T13:53:48.958014 | 63039 | Viewed page Dashboard
2026-05-06T13:53:51.168103 | 63039 | Viewed page Business Analytics
2026-05-06T14:06:04.387701 | 63039 | Viewed page Dashboard
2026-05-06T14:06:07.605388 | 63039 | Viewed page Admin
2026-05-06T14:58:25.948277 | 63039 | Viewed page Dashboard
2026-05-06T14:58:30.927048 | 63039 | Viewed page Admin
2026-05-06T15:47:38.963352 | 63039 | Viewed page Dashboard
2026-05-06T15:47:45.140892 | 63039 | Viewed page Business Analytics
2026-05-06T15:48:21.689717 | 63039 | Viewed page Admin
2026-05-06T15:53:51.459518 | 63039 | Viewed page Dashboard
2026-05-06T15:53:56.286767 | 63039 | Viewed page Business Analytics
2026-05-06T15:54:25.294521 | 63039 | Viewed page Admin
2026-05-06T15:55:31.285425 | 63039 | Viewed page Business Analytics
2026-05-06T15:55:46.418993 | 63039 | Viewed page Admin
2026-05-06T15:55:49.893023 | 63039 | Viewed page Dashboard
2026-05-06T15:55:54.774754 | 63039 | Viewed page Admin
2026-05-06T15:56:08.121389 | 63039 | Viewed page Business Analytics
2026-05-06T16:09:14.724803 | 63039 | Viewed page Dashboard
2026-05-06T16:09:17.455736 | 63039 | Viewed page Business Analytics
2026-05-06T16:09:41.451895 | 63039 | Viewed page Admin
2026-05-06T16:16:16.532596 | 63039 | Viewed page Business Analytics
2026-05-06T16:16:32.234789 | 63039 | Viewed page Admin
2026-05-06T16:20:58.514890 | 63039 | Viewed page Business Analytics
2026-05-06T16:22:20.415818 | 63039 | Viewed page Admin
2026-05-06T16:22:39.976797 | 63039 | Viewed page Business Analytics
2026-05-06T16:42:06.250313 | 63039 | Viewed page Dashboard
2026-05-06T16:42:08.409291 | 63039 | Viewed page Business Analytics
2026-05-06T17:03:43.591437 | 63039 | Viewed page Admin
2026-05-06T17:33:05.355294 | 63039 | Viewed page Dashboard
2026-05-06T17:33:08.137815 | 63039 | Viewed page Business Analytics
2026-05-06T18:00:31.563476 | 63039 | Viewed page Dashboard
2026-05-06T18:00:33.320217 | 63039 | Viewed page Business Analytics
2026-05-06T18:01:54.500001 | 63039 | Viewed page Document Center
2026-05-06T18:02:02.955916 | 63039 | Viewed page Business Analytics
2026-05-06T20:01:55.796227 | 63039 | Viewed page Dashboard
2026-05-07T10:27:38.494515 | 63039 | Viewed page Dashboard
2026-05-07T10:28:21.104579 | 63039 | Viewed page Document Center
2026-05-07T10:38:48.840135 | 63039 | Viewed page Dashboard
2026-05-07T10:38:54.025983 | 63039 | Viewed page Letter Generator
2026-05-07T10:59:01.815955 | 63039 | Viewed page Dashboard
2026-05-07T10:59:05.021131 | 63039 | Viewed page Letter Generator
2026-05-07T10:59:06.879514 | 63039 | Viewed page Document Center
2026-05-07T10:59:11.663146 | 63039 | Viewed page Letter Generator
2026-05-07T16:18:26.467228 | 63039 | Viewed page Dashboard
2026-05-07T16:18:31.647901 | 63039 | Viewed page Letter Generator
2026-05-08T11:00:22.967439 | 63039 | Viewed page Dashboard
2026-05-08T11:04:47.279107 | 63039 | Viewed page Dashboard
2026-05-08T11:06:29.869682 | 63039 | Viewed page Dashboard
2026-05-08T11:06:37.884707 | 63039 | Viewed page Dashboard
2026-05-08T11:19:01.188581 | 63039 | Viewed page Dashboard
2026-05-08T11:19:57.661666 | 63039 | Viewed page Dashboard
2026-05-08T11:21:20.099899 | 63039 | Viewed page Dashboard
2026-05-08T12:02:46.343516 | 63039 | Viewed page Dashboard
2026-05-08T12:12:50.679115 | 63039 | Viewed page Dashboard
2026-05-08T12:15:53.973902 | 63039 | Viewed page Dashboard
2026-05-08T12:32:30.755907 | 63039 | Viewed page Dashboard
2026-05-08T12:32:37.466391 | 63039 | Viewed page Dashboard
2026-05-08T16:22:56.845191 | 63039 | Viewed page Dashboard
2026-05-08T16:51:41.370932 | 63039 | Viewed page Dashboard
2026-05-08T16:51:53.569068 | 63039 | Viewed page Dashboard
2026-05-08T17:27:56.140421 | 63039 | Viewed page Business Analytics
2026-05-08T17:28:00.590806 | 63039 | Viewed page Admin
2026-05-08T17:28:38.365051 | 63039 | Viewed page Dashboard
2026-05-08T17:28:48.612950 | 63039 | Viewed page Campaign Management
2026-05-08T17:28:52.300850 | 63039 | Viewed page Business Analytics
2026-05-08T17:34:11.512761 | 63039 | Viewed page Dashboard
2026-05-08T17:34:14.218474 | 63039 | Viewed page Business Analytics
2026-05-08T17:36:08.243088 | 63039 | Viewed page Dashboard
2026-05-08T17:36:10.101210 | 63039 | Viewed page Business Analytics
2026-05-08T17:41:30.463537 | 63039 | Viewed page Dashboard
2026-05-08T17:41:33.255203 | 63039 | Viewed page Business Analytics
2026-05-11T12:59:27.807162 | 63039 | Viewed page Dashboard
2026-05-11T12:59:57.308194 | 63039 | Viewed page Business Analytics
2026-05-11T14:22:15.486235 | 63039 | Viewed page Dashboard
2026-05-11T14:41:04.176763 | 63039 | Viewed page Admin
2026-05-11T14:45:05.161868 | 63039 | Viewed page Dashboard
2026-05-11T14:45:09.401949 | 63039 | Viewed page Admin
2026-05-11T15:02:52.371145 | 63039 | Viewed page Dashboard
2026-05-11T15:02:57.818382 | 63039 | Viewed page Admin
2026-05-11T15:08:27.180828 | 63039 | Viewed page Dashboard
2026-05-11T15:08:52.860233 | 63039 | Viewed page Admin
2026-05-11T15:20:38.533525 | 63039 | Viewed page Dashboard
2026-05-11T15:20:47.618899 | 63039 | Viewed page Admin
2026-05-11T15:51:26.344822 | 63039 | Viewed page Dashboard
2026-05-11T15:51:34.905232 | 63039 | Viewed page Admin
2026-05-11T16:12:19.050841 | 63039 | Viewed page Dashboard
2026-05-11T16:14:09.999704 | 63039 | Viewed page Dashboard
2026-05-11T16:14:18.582721 | 63039 | Viewed page Admin
2026-05-11T16:16:43.704875 | 63039 | Viewed page Dashboard
2026-05-11T16:16:49.761190 | 63039 | Viewed page Admin
2026-05-11T17:11:51.367845 | 63039 | Viewed page Dashboard
2026-05-11T17:11:59.313214 | 63039 | Viewed page Knowledge Base
2026-05-11T18:21:34.413603 | 63039 | Viewed page Dashboard
2026-05-11T18:21:43.885846 | 63039 | Viewed page Knowledge Base
2026-05-11T18:22:09.652671 | 63039 | Viewed page Branch Portal
2026-05-11T18:22:26.366382 | 63039 | Viewed page Guest Portal
2026-05-12T09:59:30.097124 | 63039 | Viewed page Dashboard
2026-05-12T09:59:48.376649 | 63039 | Viewed page Business Analytics
2026-05-12T09:59:51.910444 | 63039 | Viewed page Dashboard
2026-05-12T10:06:40.995448 | 63039 | Viewed page Dashboard
2026-05-12T11:00:10.317204 | 63039 | Viewed page Dashboard
2026-05-12T11:40:53.598455 | 63039 | Viewed page Dashboard
2026-05-12T11:41:16.260100 | 63039 | Viewed page Dashboard
2026-05-12T11:43:26.876454 | 63039 | Viewed page Dashboard
2026-05-12T12:03:48.755464 | 63039 | Viewed page Dashboard
2026-05-12T12:47:36.449497 | 63039 | Viewed page Dashboard
2026-05-12T12:47:40.730685 | 63039 | Viewed page Campaign Management
2026-05-12T12:50:08.341505 | 63039 | Viewed page Dashboard
2026-05-12T12:50:09.930310 | 63039 | Viewed page Campaign Management
2026-05-12T12:52:44.229241 | 63039 | Viewed page Dashboard
2026-05-12T12:52:46.399559 | 63039 | Viewed page Campaign Management
2026-05-12T13:00:26.995075 | 63039 | Viewed page Dashboard
2026-05-12T13:00:28.482972 | 63039 | Viewed page Campaign Management
2026-05-12T13:05:05.609242 | 63039 | Viewed page Dashboard
2026-05-12T13:05:08.087355 | 63039 | Viewed page Campaign Management
2026-05-12T13:07:21.747740 | 63039 | Viewed page Dashboard
2026-05-12T13:07:24.433837 | 63039 | Viewed page Campaign Management
2026-05-12T13:09:35.830850 | 63039 | Viewed page Dashboard
2026-05-12T13:09:37.480011 | 63039 | Viewed page Campaign Management
2026-05-12T13:12:21.086681 | 63039 | Viewed page Dashboard
2026-05-12T13:12:23.113795 | 63039 | Viewed page Campaign Management
2026-05-12T15:38:31.864651 | 63039 | Viewed page Document Center
2026-05-12T15:38:32.641941 | 63039 | Viewed page Document Center
2026-05-12T15:38:54.785697 | 63039 | Viewed page Operations & Returns
2026-05-12T18:41:25.523551 | 63039 | Viewed page Business Analytics
2026-05-12T18:41:26.320395 | 63039 | Viewed page Business Analytics
2026-05-12T18:41:30.061333 | 63039 | Viewed page Letter Generator
2026-05-12T18:41:47.377263 | 63039 | Viewed page Document Center
2026-05-12T18:42:11.309776 | 63039 | Viewed page Coordination Center
2026-05-12T18:42:13.903720 | 63039 | Viewed page Operations & Returns
2026-05-12T18:49:34.596053 | 63039 | Viewed page Dashboard
2026-05-12T18:49:47.035218 | 63039 | Viewed page Coordination Center
2026-05-12T18:49:50.051059 | 63039 | Viewed page Document Center
2026-05-12T18:50:03.430030 | 63039 | Viewed page Letter Generator
2026-05-12T18:50:16.591212 | 63039 | Viewed page Operations & Returns
2026-05-12T18:51:48.549270 | 63039 | Viewed page Document Center
2026-05-12T18:52:11.964997 | 63039 | Viewed page High Value DD Note
2026-05-12T19:02:47.195301 | 63039 | Viewed page Dashboard
2026-05-12T19:02:51.710026 | 63039 | Viewed page High Value DD Note
2026-05-12T19:07:40.044334 | 63039 | Viewed page Dashboard
2026-05-12T19:08:33.239870 | 63039 | Viewed page Dashboard
2026-05-12T19:08:37.053392 | 63039 | Viewed page High Value DD Note
2026-05-12T19:10:35.854980 | 63039 | Viewed page Dashboard
2026-05-12T19:10:41.569456 | 63039 | Viewed page High Value DD Note
2026-05-12T19:19:05.419848 | 63039 | Viewed page Dashboard
2026-05-12T19:19:08.670614 | 63039 | Viewed page High Value DD Note
2026-05-13T10:49:47.501163 | 63039 | Viewed page Dashboard
2026-05-13T10:50:46.422524 | 63039 | Viewed page High Value DD Note
2026-05-13T10:54:03.954682 | 63039 | Viewed page Dashboard
2026-05-13T10:54:19.715415 | 63039 | Viewed page High Value DD Note
2026-05-13T11:00:13.622701 | 63039 | Viewed page Dashboard
2026-05-13T11:00:18.344890 | 63039 | Viewed page High Value DD Note
2026-05-13T11:01:29.591341 | 63039 | Viewed page Dashboard
2026-05-13T11:01:44.429529 | 63039 | Viewed page Dashboard
2026-05-13T11:03:18.518507 | 63039 | Viewed page Dashboard
2026-05-13T11:03:40.546595 | 63039 | Viewed page High Value DD Note
2026-05-13T11:05:28.742871 | 63039 | Viewed page Admin
2026-05-13T11:15:24.797305 | 63039 | Viewed page Dashboard
2026-05-13T11:15:31.212679 | 63039 | Viewed page Admin
2026-05-13T11:18:47.565591 | 63039 | Viewed page Dashboard
2026-05-13T11:19:06.816586 | 63039 | Viewed page Dashboard
2026-05-13T11:19:25.278818 | 63039 | Viewed page Admin
2026-05-13T11:22:53.902645 | 63039 | Viewed page Dashboard
2026-05-13T11:23:00.225703 | 63039 | Viewed page Admin
2026-05-13T11:28:51.661260 | 63039 | Viewed page Dashboard
2026-05-13T11:30:32.310534 | 63039 | Viewed page Dashboard
2026-05-13T18:38:01.094436 | 63039 | Viewed page Dashboard
2026-05-13T18:46:51.976086 | 63039 | Viewed page High Value DD Note
2026-05-13T18:57:26.261542 | 63039 | Viewed page Dashboard
2026-05-13T18:57:32.184563 | 63039 | Viewed page Document Center
2026-05-13T18:59:26.459490 | 63039 | Viewed page Dashboard
2026-05-13T18:59:30.338077 | 63039 | Viewed page Document Center
2026-05-13T19:00:48.447734 | 63039 | Viewed page Dashboard
2026-05-13T19:00:52.772219 | 63039 | Viewed page Document Center
2026-05-13T19:05:55.030672 | 63039 | Viewed page Dashboard
2026-05-13T19:05:58.737280 | 63039 | Viewed page Document Center
2026-05-14T13:36:16.009782 | 63039 | Viewed page Dashboard
2026-05-14T13:36:22.950244 | 63039 | Viewed page High Value DD Note
2026-05-14T13:36:28.520585 | 63039 | Viewed page Document Center
2026-05-14T14:03:16.557035 | 63039 | Viewed page Dashboard
2026-05-14T14:03:24.451325 | 63039 | Viewed page Document Center
2026-05-14T15:25:47.428526 | 63039 | Viewed page Operations & Returns
2026-05-14T15:25:50.706017 | 63039 | Viewed page Letter Generator
2026-05-14T15:25:58.174682 | 63039 | Viewed page Office Note Hub
2026-05-14T15:26:07.114724 | 63039 | Viewed page Document Center
2026-05-14T15:35:47.586805 | 63039 | Viewed page Dashboard
2026-05-14T15:35:52.705773 | 63039 | Viewed page Document Center
2026-05-14T15:40:20.231102 | 63039 | Viewed page Dashboard
2026-05-14T15:40:26.131854 | 63039 | Viewed page Document Center
2026-05-15T10:06:24.066303 | 63039 | Viewed page Dashboard
2026-05-15T10:17:40.811837 | 63039 | Viewed page Document Center
2026-05-15T10:20:07.680397 | 63039 | Viewed page Dashboard
2026-05-15T10:20:12.311000 | 63039 | Viewed page Document Center
2026-05-15T10:23:29.520443 | 63039 | Viewed page Dashboard
2026-05-15T10:23:37.833317 | 63039 | Viewed page Document Center
2026-05-15T10:26:02.472047 | 63039 | Viewed page Dashboard
2026-05-15T10:26:07.627303 | 63039 | Viewed page Document Center
2026-05-15T10:28:03.114413 | 63039 | Viewed page Dashboard
2026-05-15T10:28:07.400177 | 63039 | Viewed page Document Center
2026-05-15T10:31:13.113604 | 63039 | Viewed page Dashboard
2026-05-15T10:31:34.751613 | 63039 | Viewed page Dashboard
2026-05-15T10:31:43.455381 | 63039 | Viewed page Document Center
2026-05-15T10:31:43.664809 | 63039 | Viewed page Document Center
2026-05-15T10:37:30.535097 | 63039 | Viewed page Dashboard
2026-05-15T10:37:34.667778 | 63039 | Viewed page Document Center
2026-05-15T10:43:28.295532 | 63039 | Viewed page Dashboard
2026-05-15T10:43:38.864015 | 63039 | Viewed page Document Center
2026-05-15T10:43:39.101445 | 63039 | Viewed page Document Center
2026-05-15T10:47:17.314200 | 63039 | Viewed page Dashboard
2026-05-15T10:47:21.894150 | 63039 | Viewed page Document Center
2026-05-15T11:06:43.800962 | 63039 | Viewed page Dashboard
2026-05-15T11:06:48.571135 | 63039 | Viewed page Document Center
2026-05-15T11:10:42.547370 | 63039 | Viewed page Dashboard
2026-05-15T11:10:46.999446 | 63039 | Viewed page Document Center
2026-05-15T11:16:19.124890 | 63039 | Viewed page Dashboard
2026-05-15T11:16:23.036321 | 63039 | Viewed page Document Center
2026-05-15T11:20:56.470757 | 63039 | Viewed page Dashboard
2026-05-15T11:21:02.898015 | 63039 | Viewed page Document Center
2026-05-15T11:25:45.830529 | 63039 | Viewed page Dashboard
2026-05-15T11:25:50.747248 | 63039 | Viewed page Document Center
2026-05-15T11:32:30.630132 | 63039 | Viewed page Dashboard
2026-05-15T11:36:30.893664 | 63039 | Viewed page Dashboard
2026-05-15T11:36:37.119105 | 63039 | Viewed page Document Center
2026-05-15T11:36:37.328766 | 63039 | Viewed page Document Center
2026-05-15T12:04:02.343963 | 63039 | Viewed page Dashboard
2026-05-15T12:04:06.043672 | 63039 | Viewed page Document Center
2026-05-15T12:07:39.748012 | 63039 | Viewed page Dashboard
2026-05-15T12:07:45.300768 | 63039 | Viewed page Document Center
2026-05-15T12:09:54.285151 | 63039 | Viewed page Dashboard
2026-05-15T12:09:58.942138 | 63039 | Viewed page Document Center
2026-05-15T12:15:38.201263 | 63039 | Viewed page Dashboard
2026-05-15T12:15:43.086398 | 63039 | Viewed page Document Center
2026-05-15T12:19:34.262259 | 63039 | Viewed page Document Center
2026-05-15T12:19:34.492072 | 63039 | Viewed page Document Center
2026-05-15T12:21:50.676856 | 63039 | Viewed page Dashboard
2026-05-15T12:21:54.309196 | 63039 | Viewed page Document Center
2026-05-15T12:24:18.423280 | 63039 | Viewed page Dashboard
2026-05-15T12:24:22.339207 | 63039 | Viewed page Document Center
2026-05-15T12:29:21.522690 | 63039 | Viewed page Dashboard
2026-05-15T12:29:25.780911 | 63039 | Viewed page Document Center
2026-05-15T12:34:27.778932 | 63039 | Viewed page Dashboard
2026-05-15T12:34:35.318546 | 63039 | Viewed page Document Center
2026-05-15T12:34:35.569570 | 63039 | Viewed page Document Center
2026-05-15T13:11:49.897445 | 63039 | Viewed page Dashboard
2026-05-15T13:11:54.444274 | 63039 | Viewed page Office Note Generator
2026-05-15T13:12:01.855462 | 63039 | Viewed page Document Center
2026-05-15T13:16:17.092983 | 63039 | Viewed page Dashboard
2026-05-15T13:16:22.324533 | 63039 | Viewed page Document Center
2026-05-15T13:17:32.386507 | 63039 | Viewed page Office Note Generator
2026-05-15T13:17:33.970652 | 63039 | Viewed page Document Center
2026-05-15T13:32:02.642752 | 63039 | Viewed page Dashboard
2026-05-15T13:32:14.465564 | 63039 | Viewed page Coordination Center
2026-05-15T13:32:16.373193 | 63039 | Viewed page Document Center
2026-05-15T13:32:28.442034 | 63039 | Viewed page Operations & Returns
2026-05-15T13:32:32.070981 | 63039 | Viewed page Letter Generator
2026-05-15T13:32:35.798051 | 63039 | Viewed page High Value DD Note
2026-05-15T13:32:37.605822 | 63039 | Viewed page Office Note Hub
2026-05-15T13:32:47.629749 | 63039 | Viewed page Office Note Generator
2026-05-15T13:32:49.833176 | 63039 | Viewed page Document Center
2026-05-15T13:32:55.518360 | 63039 | Viewed page Coordination Center
2026-05-15T15:28:00.166966 | 63039 | Viewed page Dashboard
2026-05-15T15:28:05.910918 | 63039 | Viewed page Visiting Card Wizard
2026-05-15T15:31:09.597737 | 63039 | Viewed page Dashboard
2026-05-15T15:31:13.189594 | 63039 | Viewed page Visiting Card Wizard
2026-05-15T15:31:22.560102 | 63039 | Viewed page Visiting Card Wizard
2026-05-15T15:31:22.781694 | 63039 | Viewed page Visiting Card Wizard
2026-05-15T15:31:26.328548 | 63039 | Viewed page Dashboard
2026-05-15T15:31:29.377499 | 63039 | Viewed page Visiting Card Wizard
2026-05-16T10:01:32.036214 | 63039 | Viewed page Document Center
2026-05-16T10:01:33.366050 | 63039 | Viewed page Document Center
2026-05-16T10:02:13.658400 | 63039 | Viewed page Dashboard
2026-05-16T10:02:21.099705 | 63039 | Viewed page Document Center
2026-05-16T10:04:57.959705 | 63039 | Viewed page Dashboard
2026-05-16T10:05:02.582323 | 63039 | Viewed page Document Center
2026-05-16T10:10:15.571778 | 63039 | Viewed page Office Note Generator
2026-05-16T10:10:20.390214 | 63039 | Viewed page Office Note Hub
2026-05-16T10:10:27.329927 | 63039 | Viewed page Letter Generator
2026-05-16T10:10:53.369678 | 63039 | Viewed page Coordination Center
2026-05-16T10:10:59.227813 | 63039 | Viewed page Document Center
2026-05-16T10:12:50.941128 | 63039 | Viewed page Dashboard
2026-05-16T10:12:59.198152 | 63039 | Viewed page Document Center
2026-05-16T10:17:19.803426 | 63039 | Viewed page Admin
2026-05-16T12:06:54.307384 | 63039 | Viewed page Dashboard
2026-05-16T12:07:16.016158 | 63039 | Viewed page Business Analytics
2026-05-16T12:07:23.749707 | 63039 | Viewed page Document Center
2026-05-16T12:33:29.109206 | 63039 | Viewed page Dashboard
2026-05-16T12:38:59.511890 | 63039 | Viewed page Dashboard
2026-05-16T12:44:37.610166 | 63039 | Viewed page Dashboard
2026-05-16T13:06:37.123417 | 63039 | Viewed page Dashboard
2026-05-16T13:09:02.293081 | 63039 | Viewed page Dashboard
2026-05-16T13:15:45.942279 | 63039 | Viewed page Dashboard
2026-05-16T13:17:49.024948 | 63039 | Viewed page Dashboard
2026-05-16T13:17:53.275733 | 63039 | Viewed page Business Analytics
2026-05-16T13:17:56.712857 | 63039 | Viewed page Dashboard
2026-05-16T13:19:45.150319 | 63039 | Viewed page Dashboard
2026-05-16T13:24:20.201632 | 63039 | Viewed page Dashboard
2026-05-16T13:25:40.163542 | 63039 | Viewed page Dashboard
2026-05-16T13:26:44.017828 | 63039 | Viewed page Dashboard
2026-05-16T13:26:51.119055 | 63039 | Viewed page Dashboard
2026-05-16T13:28:29.559991 | 63039 | Viewed page Dashboard
2026-05-16T13:28:31.758118 | 63039 | Viewed page Dashboard
2026-05-16T13:28:47.806576 | 63039 | Viewed page Dashboard
2026-05-16T13:30:23.139205 | 63039 | Viewed page Dashboard
2026-05-16T13:33:05.109104 | 63039 | Viewed page Dashboard
2026-05-16T13:35:04.923209 | 63039 | Viewed page Dashboard
2026-05-16T13:35:29.854980 | 63039 | Viewed page Business Analytics
2026-05-16T15:18:06.143362 | 63039 | Viewed page Dashboard
2026-05-16T15:18:16.408306 | 63039 | Viewed page Dashboard
2026-05-16T15:18:18.156308 | 63039 | Viewed page Business Analytics
2026-05-16T15:36:40.990739 | 63039 | Viewed page Dashboard
2026-05-16T15:36:48.239757 | 63039 | Viewed page Office Note Hub
2026-05-16T15:37:13.084656 | 63039 | Viewed page Letter Generator
2026-05-16T15:37:35.374547 | 63039 | Viewed page Business Analytics
2026-05-16T15:37:38.336544 | 63039 | Viewed page MIS
2026-05-16T15:42:24.304480 | 63039 | Viewed page Dashboard
2026-05-16T15:42:29.622822 | 63039 | Viewed page Business Analytics
2026-05-16T15:42:40.327465 | 63039 | Viewed page MIS
2026-05-16T15:50:48.474424 | 63039 | Viewed page Dashboard
2026-05-16T15:50:50.337628 | 63039 | Viewed page MIS
2026-05-16T15:52:35.687933 | 63039 | Viewed page Dashboard
2026-05-16T15:52:37.576427 | 63039 | Viewed page MIS
2026-05-16T16:23:00.789556 | 63039 | Viewed page Dashboard
2026-05-16T16:23:05.397927 | 63039 | Viewed page MIS
2026-05-16T16:40:40.853525 | 63039 | Viewed page Dashboard
2026-05-16T16:41:10.999799 | 63039 | Viewed page MIS
2026-05-16T16:48:30.089816 | 63039 | Viewed page Dashboard
2026-05-16T16:48:33.624385 | 63039 | Viewed page MIS
2026-05-16T16:54:21.743059 | 63039 | Viewed page Dashboard
2026-05-16T16:54:25.722925 | 63039 | Viewed page MIS
2026-05-16T16:57:03.973057 | 63039 | Viewed page Dashboard
2026-05-16T16:57:51.462500 | 63039 | Viewed page MIS
2026-05-16T17:11:05.649995 | 63039 | Viewed page Dashboard
2026-05-16T17:11:12.514091 | 63039 | Viewed page MIS
2026-05-16T17:13:24.918543 | 63039 | Viewed page Business Analytics
2026-05-16T17:13:56.600034 | 63039 | Viewed page Dashboard
2026-05-16T17:19:14.247562 | 63039 | Viewed page Dashboard
2026-05-16T17:19:18.142495 | 63039 | Viewed page MIS
2026-05-16T17:24:00.910388 | 63039 | Viewed page Dashboard
2026-05-16T17:24:03.713112 | 63039 | Viewed page MIS
2026-05-16T17:27:55.133271 | 63039 | Viewed page Dashboard
2026-05-16T17:27:58.274613 | 63039 | Viewed page MIS
2026-05-16T17:39:11.732000 | 63039 | Viewed page Dashboard
2026-05-16T17:39:16.498616 | 63039 | Viewed page MIS
2026-05-16T17:46:40.253787 | 63039 | Viewed page Dashboard
2026-05-16T17:46:47.971904 | 63039 | Viewed page MIS
2026-05-16T18:00:45.499200 | 63039 | Viewed page Dashboard
2026-05-16T18:06:25.136381 | 63039 | Viewed page MIS
2026-05-16T18:06:28.876314 | 63039 | Viewed page Dashboard
2026-05-16T18:06:33.420350 | 63039 | Viewed page MIS
2026-05-16T18:06:33.661279 | 63039 | Viewed page MIS
2026-05-16T18:10:10.628296 | 63039 | Viewed page Dashboard
2026-05-16T18:10:12.456842 | 63039 | Viewed page MIS
2026-05-16T18:12:05.638331 | 63039 | Viewed page Dashboard
2026-05-16T18:12:11.116608 | 63039 | Viewed page MIS
2026-05-16T18:15:17.842032 | 63039 | Viewed page Dashboard
2026-05-16T18:16:18.418228 | 63039 | Viewed page Dashboard
2026-05-16T18:18:11.689288 | 63039 | Viewed page Dashboard
2026-05-16T18:18:15.362837 | 63039 | Viewed page MIS
2026-05-16T18:27:55.083610 | 63039 | Viewed page Dashboard
2026-05-16T18:27:58.134373 | 63039 | Viewed page MIS
2026-05-16T18:36:48.461777 | 63039 | Viewed page Dashboard
2026-05-16T18:36:52.910937 | 63039 | Viewed page MIS
2026-05-17T05:51:54.196367 | 63039 | Viewed page Dashboard
2026-05-17T05:52:07.530163 | 63039 | Viewed page Dashboard
2026-05-17T05:55:09.000200 | 63039 | Viewed page Document Hub
2026-05-17T05:55:24.722980 | 63039 | Viewed page Coordination Center
2026-05-17T05:55:29.456094 | 63039 | Viewed page Document Hub
2026-05-17T05:55:42.555435 | 63039 | Viewed page Letter Generator
2026-05-17T05:55:46.558180 | 63039 | Viewed page Visiting Card Wizard
2026-05-17T05:55:54.752890 | 63039 | Viewed page High Value DD Note
2026-05-17T05:55:58.698069 | 63039 | Viewed page Office Note Hub
2026-05-17T05:56:04.098165 | 63039 | Viewed page Coordination Center
2026-05-17T05:56:12.038244 | 63039 | Viewed page Anniversary Portal
2026-05-17T05:57:31.284651 | 63039 | Viewed page Guardian
2026-05-17T05:57:55.023013 | 63039 | Viewed page Intelligence
2026-05-17T05:58:01.339026 | 63039 | Viewed page MIS
2026-05-17T06:00:15.493834 | 63039 | Viewed page Dashboard
2026-05-17T06:01:09.089627 | 63039 | Viewed page MIS
2026-05-17T06:30:38.002187 | 63039 | Viewed page Dashboard
2026-05-17T06:30:42.916968 | 63039 | Viewed page MIS
2026-05-17T06:37:38.453407 | 63039 | Viewed page Dashboard
2026-05-17T06:37:44.612539 | 63039 | Viewed page MIS
2026-05-17T06:41:15.894194 | 63039 | Viewed page Dashboard
2026-05-17T06:41:25.395342 | 63039 | Viewed page MIS
2026-05-17T06:43:23.711162 | 63039 | Viewed page Dashboard
2026-05-17T06:43:28.314977 | 63039 | Viewed page MIS
2026-05-17T06:48:27.962575 | 63039 | Viewed page Dashboard
2026-05-17T06:48:35.021375 | 63039 | Viewed page MIS
2026-05-17T06:51:18.904801 | 63039 | Viewed page Dashboard
2026-05-17T06:51:24.227577 | 63039 | Viewed page MIS
2026-05-17T08:32:45.413403 | 63039 | Viewed page Dashboard
2026-05-17T08:32:50.475906 | 63039 | Viewed page MIS
2026-05-17T08:36:14.317564 | 63039 | Viewed page Dashboard
2026-05-17T08:43:04.593667 | 63039 | Viewed page Dashboard
2026-05-17T08:46:10.698629 | 63039 | Viewed page Dashboard
2026-05-17T08:47:04.214596 | 63039 | Viewed page Dashboard
2026-05-17T08:48:47.725917 | 63039 | Viewed page Dashboard
2026-05-17T09:08:12.388333 | 63039 | Viewed page Dashboard
2026-05-17T12:13:36.629913 | 63039 | Viewed page Dashboard
2026-05-17T12:43:03.307012 | 63039 | Viewed page Dashboard
2026-05-17T12:47:03.391153 | 63039 | Viewed page Dashboard
2026-05-17T13:21:47.900283 | 63039 | Viewed page Dashboard
2026-05-17T13:29:03.886093 | 63039 | Viewed page Dashboard
2026-05-17T13:43:22.509912 | 63039 | Viewed page MIS
2026-05-17T13:44:13.321354 | 63039 | Viewed page Dashboard
2026-05-17T13:45:00.937853 | 63039 | Viewed page Document Hub
2026-05-17T13:46:00.885602 | 63039 | Viewed page Visiting Card Wizard
2026-05-17T13:46:03.123314 | 63039 | Viewed page Letter Generator
2026-05-17T13:46:30.693589 | 63039 | Viewed page Visiting Card Wizard
2026-05-17T13:47:48.030329 | 63039 | Viewed page Dashboard
2026-05-17T13:47:54.116120 | 63039 | Viewed page Visiting Card Wizard
2026-05-17T13:49:55.650701 | 63039 | Viewed page Dashboard
2026-05-17T13:50:00.766681 | 63039 | Viewed page Visiting Card Wizard
2026-05-17T13:54:17.654255 | 63039 | Viewed page Dashboard
2026-05-17T13:55:03.491954 | 63039 | Viewed page Document Hub
2026-05-17T13:56:47.372464 | 63039 | Viewed page Returns & Compliance
2026-05-17T13:58:02.198649 | 63039 | Viewed page Guardian
2026-05-17T13:58:57.649551 | 63039 | Viewed page Knowledge Base
2026-05-17T13:59:32.497509 | 63039 | Viewed page Intelligence
2026-05-17T14:00:19.183619 | 63039 | Viewed page Document Hub
2026-05-17T14:03:22.669388 | 63039 | Viewed page Dashboard
2026-05-17T14:03:28.529959 | 63039 | Viewed page Document Hub
2026-05-17T14:03:42.729001 | 63039 | Viewed page Policy & Product Archive
2026-05-17T14:03:55.110929 | 63039 | Viewed page Central Archive
2026-05-17T14:11:36.883417 | 63039 | Viewed page Dashboard
2026-05-17T14:11:45.041110 | 63039 | Viewed page Policy & Product Archive
2026-05-17T14:12:02.067210 | 63039 | Viewed page Central Archive
2026-05-17T14:51:27.737734 | 63039 | Viewed page Dashboard
2026-05-17T14:51:37.735255 | 63039 | Viewed page MIS
2026-05-17T14:51:53.744207 | 63039 | Viewed page Document Hub
2026-05-17T15:58:37.314322 | 63039 | Viewed page Dashboard
2026-05-17T15:59:32.682985 | 63039 | Viewed page Branch Portal
2026-05-17T16:00:06.136528 | 63039 | Viewed page Anniversary Portal
